2025-05-16 15:34:09,922 (HH:mm:ss.SSS) [main] INFO  testCases.TC002_AccountLoginTest(36) - ***** Providing Login details *****
2025-05-16 15:34:11,294 (HH:mm:ss.SSS) [main] INFO  testCases.TC002_AccountLoginTest(36) - ***** Completed TC002_AccountLoginTest *****
2025-05-16 15:34:31,133 (HH:mm:ss.SSS) [main] DEBUG org.testng.TestNG(36) - suiteXmlPath: "C:\Users\dines\eclipse-workspace\Opencart\Grouping.xml"
2025-05-16 15:34:31,400 (HH:mm:ss.SSS) [main] INFO  org.testng.internal.Utils(36) - [TestNG] Running:
  C:\Users\dines\eclipse-workspace\Opencart\Grouping.xml

2025-05-16 15:34:34,486 (HH:mm:ss.SSS) [main] INFO  testCases.TC002_AccountLoginTest(36) - ***** Starting TC002_AccountLoginTest *****
2025-05-16 15:34:34,797 (HH:mm:ss.SSS) [main] INFO  testCases.TC002_AccountLoginTest(36) - ***** Clicked My Account *****
2025-05-16 15:34:35,297 (HH:mm:ss.SSS) [main] INFO  testCases.TC002_AccountLoginTest(36) - ***** Clicked on Login *****
2025-05-16 15:34:35,299 (HH:mm:ss.SSS) [main] INFO  testCases.TC002_AccountLoginTest(36) - ***** Providing Login details *****
2025-05-16 15:34:36,355 (HH:mm:ss.SSS) [main] INFO  testCases.TC002_AccountLoginTest(36) - ***** Completed TC002_AccountLoginTest *****
2025-05-16 15:34:58,456 (HH:mm:ss.SSS) [main] DEBUG org.testng.TestNG(36) - suiteXmlPath: "C:\Users\dines\eclipse-workspace\Opencart\Grouping.xml"
2025-05-16 15:34:58,731 (HH:mm:ss.SSS) [main] INFO  org.testng.internal.Utils(36) - [TestNG] Running:
  C:\Users\dines\eclipse-workspace\Opencart\Grouping.xml

2025-05-16 15:35:01,789 (HH:mm:ss.SSS) [main] INFO  testCases.TC001_AccountResistrationTest(36) - ***** Starting TC001_AccountResistrationTest *****
2025-05-16 15:35:01,908 (HH:mm:ss.SSS) [main] INFO  testCases.TC001_AccountResistrationTest(36) - ***** Clicked on My Account link *****
2025-05-16 15:35:02,449 (HH:mm:ss.SSS) [main] INFO  testCases.TC001_AccountResistrationTest(36) - ***** Clicked on Resister link *****
2025-05-16 15:35:02,454 (HH:mm:ss.SSS) [main] INFO  testCases.TC001_AccountResistrationTest(36) - ***** Providing Customer details *****
2025-05-16 15:35:04,380 (HH:mm:ss.SSS) [main] INFO  testCases.TC001_AccountResistrationTest(36) - ***** Validating Expected Result *****
2025-05-16 15:35:04,436 (HH:mm:ss.SSS) [main] INFO  testCases.TC001_AccountResistrationTest(36) - ***** Finished TC001_AccountResistrationTest *****
2025-05-16 15:35:06,912 (HH:mm:ss.SSS) [main] INFO  testCases.TC002_AccountLoginTest(36) - ***** Starting TC002_AccountLoginTest *****
2025-05-16 15:35:07,043 (HH:mm:ss.SSS) [main] INFO  testCases.TC002_AccountLoginTest(36) - ***** Clicked My Account *****
2025-05-16 15:35:07,467 (HH:mm:ss.SSS) [main] INFO  testCases.TC002_AccountLoginTest(36) - ***** Clicked on Login *****
2025-05-16 15:35:07,469 (HH:mm:ss.SSS) [main] INFO  testCases.TC002_AccountLoginTest(36) - ***** Providing Login details *****
2025-05-16 15:35:08,739 (HH:mm:ss.SSS) [main] INFO  testCases.TC002_AccountLoginTest(36) - ***** Completed TC002_AccountLoginTest *****
2025-05-17 14:05:19,012 (HH:mm:ss.SSS) [main] DEBUG org.testng.TestNG(36) - suiteXmlPath: "C:\Users\dines\eclipse-workspace\Opencart\Grouping.xml"
2025-05-17 14:05:19,332 (HH:mm:ss.SSS) [main] INFO  org.testng.internal.Utils(36) - [TestNG] Running:
  C:\Users\dines\eclipse-workspace\Opencart\Grouping.xml

2025-05-17 14:05:25,901 (HH:mm:ss.SSS) [main] INFO  testCases.TC001_AccountResistrationTest(36) - ***** Starting TC001_AccountResistrationTest *****
2025-05-17 14:05:26,052 (HH:mm:ss.SSS) [main] INFO  testCases.TC001_AccountResistrationTest(36) - ***** Clicked on My Account link *****
2025-05-17 14:05:26,813 (HH:mm:ss.SSS) [main] INFO  testCases.TC001_AccountResistrationTest(36) - ***** Clicked on Resister link *****
2025-05-17 14:05:26,816 (HH:mm:ss.SSS) [main] INFO  testCases.TC001_AccountResistrationTest(36) - ***** Providing Customer details *****
2025-05-17 14:05:28,996 (HH:mm:ss.SSS) [main] INFO  testCases.TC001_AccountResistrationTest(36) - ***** Validating Expected Result *****
2025-05-17 14:05:29,046 (HH:mm:ss.SSS) [main] INFO  testCases.TC001_AccountResistrationTest(36) - ***** Finished TC001_AccountResistrationTest *****
2025-05-17 14:05:32,362 (HH:mm:ss.SSS) [main] INFO  testCases.TC002_AccountLoginTest(36) - ***** Starting TC002_AccountLoginTest *****
2025-05-17 14:05:32,580 (HH:mm:ss.SSS) [main] INFO  testCases.TC002_AccountLoginTest(36) - ***** Clicked My Account *****
2025-05-17 14:05:32,948 (HH:mm:ss.SSS) [main] INFO  testCases.TC002_AccountLoginTest(36) - ***** Clicked on Login *****
2025-05-17 14:05:32,953 (HH:mm:ss.SSS) [main] INFO  testCases.TC002_AccountLoginTest(36) - ***** Providing Login details *****
2025-05-17 14:05:34,316 (HH:mm:ss.SSS) [main] INFO  testCases.TC002_AccountLoginTest(36) - ***** Completed TC002_AccountLoginTest *****
2025-05-17 14:11:21,983 (HH:mm:ss.SSS) [main] DEBUG org.testng.TestNG(36) - suiteXmlPath: "C:\Users\dines\eclipse-workspace\Opencart\Grouping.xml"
2025-05-17 14:11:22,310 (HH:mm:ss.SSS) [main] INFO  org.testng.internal.Utils(36) - [TestNG] Running:
  C:\Users\dines\eclipse-workspace\Opencart\Grouping.xml

2025-05-17 14:11:25,872 (HH:mm:ss.SSS) [main] DEBUG org.apache.poi.openxml4j.opc.PackageRelationshipCollection(36) - Parsing relationship: /xl/_rels/workbook.xml.rels
2025-05-17 14:11:25,876 (HH:mm:ss.SSS) [main] DEBUG org.apache.poi.openxml4j.opc.PackageRelationshipCollection(36) - Parsing relationship: /xl/worksheets/_rels/sheet1.xml.rels
2025-05-17 14:11:25,877 (HH:mm:ss.SSS) [main] DEBUG org.apache.poi.openxml4j.opc.PackageRelationshipCollection(36) - Parsing relationship: /_rels/.rels
2025-05-17 14:11:26,635 (HH:mm:ss.SSS) [main] DEBUG org.apache.poi.openxml4j.opc.PackageRelationshipCollection(36) - Parsing relationship: /xl/_rels/workbook.xml.rels
2025-05-17 14:11:26,636 (HH:mm:ss.SSS) [main] DEBUG org.apache.poi.openxml4j.opc.PackageRelationshipCollection(36) - Parsing relationship: /xl/worksheets/_rels/sheet1.xml.rels
2025-05-17 14:11:26,637 (HH:mm:ss.SSS) [main] DEBUG org.apache.poi.openxml4j.opc.PackageRelationshipCollection(36) - Parsing relationship: /_rels/.rels
2025-05-17 14:11:26,660 (HH:mm:ss.SSS) [main] DEBUG org.apache.poi.openxml4j.opc.PackageRelationshipCollection(36) - Parsing relationship: /xl/_rels/workbook.xml.rels
2025-05-17 14:11:26,661 (HH:mm:ss.SSS) [main] DEBUG org.apache.poi.openxml4j.opc.PackageRelationshipCollection(36) - Parsing relationship: /xl/worksheets/_rels/sheet1.xml.rels
2025-05-17 14:11:26,662 (HH:mm:ss.SSS) [main] DEBUG org.apache.poi.openxml4j.opc.PackageRelationshipCollection(36) - Parsing relationship: /_rels/.rels
2025-05-17 14:11:26,712 (HH:mm:ss.SSS) [main] DEBUG org.apache.poi.openxml4j.opc.PackageRelationshipCollection(36) - Parsing relationship: /xl/_rels/workbook.xml.rels
2025-05-17 14:11:26,713 (HH:mm:ss.SSS) [main] DEBUG org.apache.poi.openxml4j.opc.PackageRelationshipCollection(36) - Parsing relationship: /xl/worksheets/_rels/sheet1.xml.rels
2025-05-17 14:11:26,713 (HH:mm:ss.SSS) [main] DEBUG org.apache.poi.openxml4j.opc.PackageRelationshipCollection(36) - Parsing relationship: /_rels/.rels
2025-05-17 14:11:26,734 (HH:mm:ss.SSS) [main] DEBUG org.apache.poi.openxml4j.opc.PackageRelationshipCollection(36) - Parsing relationship: /xl/_rels/workbook.xml.rels
2025-05-17 14:11:26,735 (HH:mm:ss.SSS) [main] DEBUG org.apache.poi.openxml4j.opc.PackageRelationshipCollection(36) - Parsing relationship: /xl/worksheets/_rels/sheet1.xml.rels
2025-05-17 14:11:26,736 (HH:mm:ss.SSS) [main] DEBUG org.apache.poi.openxml4j.opc.PackageRelationshipCollection(36) - Parsing relationship: /_rels/.rels
2025-05-17 14:11:26,757 (HH:mm:ss.SSS) [main] DEBUG org.apache.poi.openxml4j.opc.PackageRelationshipCollection(36) - Parsing relationship: /xl/_rels/workbook.xml.rels
2025-05-17 14:11:26,758 (HH:mm:ss.SSS) [main] DEBUG org.apache.poi.openxml4j.opc.PackageRelationshipCollection(36) - Parsing relationship: /xl/worksheets/_rels/sheet1.xml.rels
2025-05-17 14:11:26,759 (HH:mm:ss.SSS) [main] DEBUG org.apache.poi.openxml4j.opc.PackageRelationshipCollection(36) - Parsing relationship: /_rels/.rels
2025-05-17 14:11:26,779 (HH:mm:ss.SSS) [main] DEBUG org.apache.poi.openxml4j.opc.PackageRelationshipCollection(36) - Parsing relationship: /xl/_rels/workbook.xml.rels
2025-05-17 14:11:26,780 (HH:mm:ss.SSS) [main] DEBUG org.apache.poi.openxml4j.opc.PackageRelationshipCollection(36) - Parsing relationship: /xl/worksheets/_rels/sheet1.xml.rels
2025-05-17 14:11:26,781 (HH:mm:ss.SSS) [main] DEBUG org.apache.poi.openxml4j.opc.PackageRelationshipCollection(36) - Parsing relationship: /_rels/.rels
2025-05-17 14:11:26,800 (HH:mm:ss.SSS) [main] DEBUG org.apache.poi.openxml4j.opc.PackageRelationshipCollection(36) - Parsing relationship: /xl/_rels/workbook.xml.rels
2025-05-17 14:11:26,802 (HH:mm:ss.SSS) [main] DEBUG org.apache.poi.openxml4j.opc.PackageRelationshipCollection(36) - Parsing relationship: /xl/worksheets/_rels/sheet1.xml.rels
2025-05-17 14:11:26,803 (HH:mm:ss.SSS) [main] DEBUG org.apache.poi.openxml4j.opc.PackageRelationshipCollection(36) - Parsing relationship: /_rels/.rels
2025-05-17 14:11:26,824 (HH:mm:ss.SSS) [main] DEBUG org.apache.poi.openxml4j.opc.PackageRelationshipCollection(36) - Parsing relationship: /xl/_rels/workbook.xml.rels
2025-05-17 14:11:26,825 (HH:mm:ss.SSS) [main] DEBUG org.apache.poi.openxml4j.opc.PackageRelationshipCollection(36) - Parsing relationship: /xl/worksheets/_rels/sheet1.xml.rels
2025-05-17 14:11:26,826 (HH:mm:ss.SSS) [main] DEBUG org.apache.poi.openxml4j.opc.PackageRelationshipCollection(36) - Parsing relationship: /_rels/.rels
2025-05-17 14:11:26,848 (HH:mm:ss.SSS) [main] DEBUG org.apache.poi.openxml4j.opc.PackageRelationshipCollection(36) - Parsing relationship: /xl/_rels/workbook.xml.rels
2025-05-17 14:11:26,849 (HH:mm:ss.SSS) [main] DEBUG org.apache.poi.openxml4j.opc.PackageRelationshipCollection(36) - Parsing relationship: /xl/worksheets/_rels/sheet1.xml.rels
2025-05-17 14:11:26,849 (HH:mm:ss.SSS) [main] DEBUG org.apache.poi.openxml4j.opc.PackageRelationshipCollection(36) - Parsing relationship: /_rels/.rels
2025-05-17 14:11:26,869 (HH:mm:ss.SSS) [main] DEBUG org.apache.poi.openxml4j.opc.PackageRelationshipCollection(36) - Parsing relationship: /xl/_rels/workbook.xml.rels
2025-05-17 14:11:26,870 (HH:mm:ss.SSS) [main] DEBUG org.apache.poi.openxml4j.opc.PackageRelationshipCollection(36) - Parsing relationship: /xl/worksheets/_rels/sheet1.xml.rels
2025-05-17 14:11:26,871 (HH:mm:ss.SSS) [main] DEBUG org.apache.poi.openxml4j.opc.PackageRelationshipCollection(36) - Parsing relationship: /_rels/.rels
2025-05-17 14:11:26,890 (HH:mm:ss.SSS) [main] DEBUG org.apache.poi.openxml4j.opc.PackageRelationshipCollection(36) - Parsing relationship: /xl/_rels/workbook.xml.rels
2025-05-17 14:11:26,891 (HH:mm:ss.SSS) [main] DEBUG org.apache.poi.openxml4j.opc.PackageRelationshipCollection(36) - Parsing relationship: /xl/worksheets/_rels/sheet1.xml.rels
2025-05-17 14:11:26,892 (HH:mm:ss.SSS) [main] DEBUG org.apache.poi.openxml4j.opc.PackageRelationshipCollection(36) - Parsing relationship: /_rels/.rels
2025-05-17 14:11:26,917 (HH:mm:ss.SSS) [main] DEBUG org.apache.poi.openxml4j.opc.PackageRelationshipCollection(36) - Parsing relationship: /xl/_rels/workbook.xml.rels
2025-05-17 14:11:26,918 (HH:mm:ss.SSS) [main] DEBUG org.apache.poi.openxml4j.opc.PackageRelationshipCollection(36) - Parsing relationship: /xl/worksheets/_rels/sheet1.xml.rels
2025-05-17 14:11:26,919 (HH:mm:ss.SSS) [main] DEBUG org.apache.poi.openxml4j.opc.PackageRelationshipCollection(36) - Parsing relationship: /_rels/.rels
2025-05-17 14:11:26,939 (HH:mm:ss.SSS) [main] DEBUG org.apache.poi.openxml4j.opc.PackageRelationshipCollection(36) - Parsing relationship: /xl/_rels/workbook.xml.rels
2025-05-17 14:11:26,940 (HH:mm:ss.SSS) [main] DEBUG org.apache.poi.openxml4j.opc.PackageRelationshipCollection(36) - Parsing relationship: /xl/worksheets/_rels/sheet1.xml.rels
2025-05-17 14:11:26,941 (HH:mm:ss.SSS) [main] DEBUG org.apache.poi.openxml4j.opc.PackageRelationshipCollection(36) - Parsing relationship: /_rels/.rels
2025-05-17 14:11:27,036 (HH:mm:ss.SSS) [main] INFO  testCases.TC003_LoginDDT(36) - ***** Starting TC003_LoginDDT*****
2025-05-17 14:11:30,166 (HH:mm:ss.SSS) [main] INFO  testCases.TC003_LoginDDT(36) - ***** Finished TC003_LoginDDT*****
2025-05-17 14:11:30,172 (HH:mm:ss.SSS) [main] INFO  testCases.TC003_LoginDDT(36) - ***** Starting TC003_LoginDDT*****
2025-05-17 14:11:36,100 (HH:mm:ss.SSS) [main] INFO  testCases.TC003_LoginDDT(36) - ***** Finished TC003_LoginDDT*****
2025-05-17 14:11:36,104 (HH:mm:ss.SSS) [main] INFO  testCases.TC003_LoginDDT(36) - ***** Starting TC003_LoginDDT*****
2025-05-17 14:11:42,627 (HH:mm:ss.SSS) [main] INFO  testCases.TC003_LoginDDT(36) - ***** Finished TC003_LoginDDT*****
2025-05-17 14:11:42,627 (HH:mm:ss.SSS) [main] INFO  testCases.TC003_LoginDDT(36) - ***** Starting TC003_LoginDDT*****
2025-05-17 14:11:48,572 (HH:mm:ss.SSS) [main] INFO  testCases.TC003_LoginDDT(36) - ***** Finished TC003_LoginDDT*****
2025-05-17 14:11:51,280 (HH:mm:ss.SSS) [main] INFO  testCases.TC001_AccountResistrationTest(36) - ***** Starting TC001_AccountResistrationTest *****
2025-05-17 14:11:51,726 (HH:mm:ss.SSS) [main] INFO  testCases.TC001_AccountResistrationTest(36) - ***** Clicked on My Account link *****
2025-05-17 14:11:52,474 (HH:mm:ss.SSS) [main] INFO  testCases.TC001_AccountResistrationTest(36) - ***** Clicked on Resister link *****
2025-05-17 14:11:52,482 (HH:mm:ss.SSS) [main] INFO  testCases.TC001_AccountResistrationTest(36) - ***** Providing Customer details *****
2025-05-17 14:11:54,458 (HH:mm:ss.SSS) [main] INFO  testCases.TC001_AccountResistrationTest(36) - ***** Validating Expected Result *****
2025-05-17 14:11:54,501 (HH:mm:ss.SSS) [main] INFO  testCases.TC001_AccountResistrationTest(36) - ***** Finished TC001_AccountResistrationTest *****
2025-05-17 14:12:05,031 (HH:mm:ss.SSS) [main] INFO  testCases.TC002_AccountLoginTest(36) - ***** Starting TC002_AccountLoginTest *****
2025-05-17 14:12:05,410 (HH:mm:ss.SSS) [main] INFO  testCases.TC002_AccountLoginTest(36) - ***** Clicked My Account *****
2025-05-17 14:12:05,757 (HH:mm:ss.SSS) [main] INFO  testCases.TC002_AccountLoginTest(36) - ***** Clicked on Login *****
2025-05-17 14:12:05,757 (HH:mm:ss.SSS) [main] INFO  testCases.TC002_AccountLoginTest(36) - ***** Providing Login details *****
2025-05-17 14:12:07,116 (HH:mm:ss.SSS) [main] INFO  testCases.TC002_AccountLoginTest(36) - ***** Completed TC002_AccountLoginTest *****
2025-05-17 14:22:20,030 (HH:mm:ss.SSS) [main] DEBUG org.testng.TestNG(36) - suiteXmlPath: "C:\Users\dines\eclipse-workspace\Opencart\Grouping.xml"
2025-05-17 14:22:20,340 (HH:mm:ss.SSS) [main] INFO  org.testng.internal.Utils(36) - [TestNG] Running:
  C:\Users\dines\eclipse-workspace\Opencart\Grouping.xml

2025-05-17 14:22:23,673 (HH:mm:ss.SSS) [main] DEBUG org.apache.poi.openxml4j.opc.PackageRelationshipCollection(36) - Parsing relationship: /xl/_rels/workbook.xml.rels
2025-05-17 14:22:23,681 (HH:mm:ss.SSS) [main] DEBUG org.apache.poi.openxml4j.opc.PackageRelationshipCollection(36) - Parsing relationship: /xl/worksheets/_rels/sheet1.xml.rels
2025-05-17 14:22:23,682 (HH:mm:ss.SSS) [main] DEBUG org.apache.poi.openxml4j.opc.PackageRelationshipCollection(36) - Parsing relationship: /_rels/.rels
2025-05-17 14:22:24,197 (HH:mm:ss.SSS) [main] DEBUG org.apache.poi.openxml4j.opc.PackageRelationshipCollection(36) - Parsing relationship: /xl/_rels/workbook.xml.rels
2025-05-17 14:22:24,199 (HH:mm:ss.SSS) [main] DEBUG org.apache.poi.openxml4j.opc.PackageRelationshipCollection(36) - Parsing relationship: /xl/worksheets/_rels/sheet1.xml.rels
2025-05-17 14:22:24,200 (HH:mm:ss.SSS) [main] DEBUG org.apache.poi.openxml4j.opc.PackageRelationshipCollection(36) - Parsing relationship: /_rels/.rels
2025-05-17 14:22:24,233 (HH:mm:ss.SSS) [main] DEBUG org.apache.poi.openxml4j.opc.PackageRelationshipCollection(36) - Parsing relationship: /xl/_rels/workbook.xml.rels
2025-05-17 14:22:24,234 (HH:mm:ss.SSS) [main] DEBUG org.apache.poi.openxml4j.opc.PackageRelationshipCollection(36) - Parsing relationship: /xl/worksheets/_rels/sheet1.xml.rels
2025-05-17 14:22:24,235 (HH:mm:ss.SSS) [main] DEBUG org.apache.poi.openxml4j.opc.PackageRelationshipCollection(36) - Parsing relationship: /_rels/.rels
2025-05-17 14:22:24,272 (HH:mm:ss.SSS) [main] DEBUG org.apache.poi.openxml4j.opc.PackageRelationshipCollection(36) - Parsing relationship: /xl/_rels/workbook.xml.rels
2025-05-17 14:22:24,273 (HH:mm:ss.SSS) [main] DEBUG org.apache.poi.openxml4j.opc.PackageRelationshipCollection(36) - Parsing relationship: /xl/worksheets/_rels/sheet1.xml.rels
2025-05-17 14:22:24,273 (HH:mm:ss.SSS) [main] DEBUG org.apache.poi.openxml4j.opc.PackageRelationshipCollection(36) - Parsing relationship: /_rels/.rels
2025-05-17 14:22:24,296 (HH:mm:ss.SSS) [main] DEBUG org.apache.poi.openxml4j.opc.PackageRelationshipCollection(36) - Parsing relationship: /xl/_rels/workbook.xml.rels
2025-05-17 14:22:24,297 (HH:mm:ss.SSS) [main] DEBUG org.apache.poi.openxml4j.opc.PackageRelationshipCollection(36) - Parsing relationship: /xl/worksheets/_rels/sheet1.xml.rels
2025-05-17 14:22:24,298 (HH:mm:ss.SSS) [main] DEBUG org.apache.poi.openxml4j.opc.PackageRelationshipCollection(36) - Parsing relationship: /_rels/.rels
2025-05-17 14:22:24,321 (HH:mm:ss.SSS) [main] DEBUG org.apache.poi.openxml4j.opc.PackageRelationshipCollection(36) - Parsing relationship: /xl/_rels/workbook.xml.rels
2025-05-17 14:22:24,322 (HH:mm:ss.SSS) [main] DEBUG org.apache.poi.openxml4j.opc.PackageRelationshipCollection(36) - Parsing relationship: /xl/worksheets/_rels/sheet1.xml.rels
2025-05-17 14:22:24,323 (HH:mm:ss.SSS) [main] DEBUG org.apache.poi.openxml4j.opc.PackageRelationshipCollection(36) - Parsing relationship: /_rels/.rels
2025-05-17 14:22:24,352 (HH:mm:ss.SSS) [main] DEBUG org.apache.poi.openxml4j.opc.PackageRelationshipCollection(36) - Parsing relationship: /xl/_rels/workbook.xml.rels
2025-05-17 14:22:24,353 (HH:mm:ss.SSS) [main] DEBUG org.apache.poi.openxml4j.opc.PackageRelationshipCollection(36) - Parsing relationship: /xl/worksheets/_rels/sheet1.xml.rels
2025-05-17 14:22:24,354 (HH:mm:ss.SSS) [main] DEBUG org.apache.poi.openxml4j.opc.PackageRelationshipCollection(36) - Parsing relationship: /_rels/.rels
2025-05-17 14:22:24,375 (HH:mm:ss.SSS) [main] DEBUG org.apache.poi.openxml4j.opc.PackageRelationshipCollection(36) - Parsing relationship: /xl/_rels/workbook.xml.rels
2025-05-17 14:22:24,376 (HH:mm:ss.SSS) [main] DEBUG org.apache.poi.openxml4j.opc.PackageRelationshipCollection(36) - Parsing relationship: /xl/worksheets/_rels/sheet1.xml.rels
2025-05-17 14:22:24,376 (HH:mm:ss.SSS) [main] DEBUG org.apache.poi.openxml4j.opc.PackageRelationshipCollection(36) - Parsing relationship: /_rels/.rels
2025-05-17 14:22:24,396 (HH:mm:ss.SSS) [main] DEBUG org.apache.poi.openxml4j.opc.PackageRelationshipCollection(36) - Parsing relationship: /xl/_rels/workbook.xml.rels
2025-05-17 14:22:24,396 (HH:mm:ss.SSS) [main] DEBUG org.apache.poi.openxml4j.opc.PackageRelationshipCollection(36) - Parsing relationship: /xl/worksheets/_rels/sheet1.xml.rels
2025-05-17 14:22:24,397 (HH:mm:ss.SSS) [main] DEBUG org.apache.poi.openxml4j.opc.PackageRelationshipCollection(36) - Parsing relationship: /_rels/.rels
2025-05-17 14:22:24,418 (HH:mm:ss.SSS) [main] DEBUG org.apache.poi.openxml4j.opc.PackageRelationshipCollection(36) - Parsing relationship: /xl/_rels/workbook.xml.rels
2025-05-17 14:22:24,419 (HH:mm:ss.SSS) [main] DEBUG org.apache.poi.openxml4j.opc.PackageRelationshipCollection(36) - Parsing relationship: /xl/worksheets/_rels/sheet1.xml.rels
2025-05-17 14:22:24,419 (HH:mm:ss.SSS) [main] DEBUG org.apache.poi.openxml4j.opc.PackageRelationshipCollection(36) - Parsing relationship: /_rels/.rels
2025-05-17 14:22:24,441 (HH:mm:ss.SSS) [main] DEBUG org.apache.poi.openxml4j.opc.PackageRelationshipCollection(36) - Parsing relationship: /xl/_rels/workbook.xml.rels
2025-05-17 14:22:24,442 (HH:mm:ss.SSS) [main] DEBUG org.apache.poi.openxml4j.opc.PackageRelationshipCollection(36) - Parsing relationship: /xl/worksheets/_rels/sheet1.xml.rels
2025-05-17 14:22:24,443 (HH:mm:ss.SSS) [main] DEBUG org.apache.poi.openxml4j.opc.PackageRelationshipCollection(36) - Parsing relationship: /_rels/.rels
2025-05-17 14:22:24,466 (HH:mm:ss.SSS) [main] DEBUG org.apache.poi.openxml4j.opc.PackageRelationshipCollection(36) - Parsing relationship: /xl/_rels/workbook.xml.rels
2025-05-17 14:22:24,468 (HH:mm:ss.SSS) [main] DEBUG org.apache.poi.openxml4j.opc.PackageRelationshipCollection(36) - Parsing relationship: /xl/worksheets/_rels/sheet1.xml.rels
2025-05-17 14:22:24,469 (HH:mm:ss.SSS) [main] DEBUG org.apache.poi.openxml4j.opc.PackageRelationshipCollection(36) - Parsing relationship: /_rels/.rels
2025-05-17 14:22:24,494 (HH:mm:ss.SSS) [main] DEBUG org.apache.poi.openxml4j.opc.PackageRelationshipCollection(36) - Parsing relationship: /xl/_rels/workbook.xml.rels
2025-05-17 14:22:24,495 (HH:mm:ss.SSS) [main] DEBUG org.apache.poi.openxml4j.opc.PackageRelationshipCollection(36) - Parsing relationship: /xl/worksheets/_rels/sheet1.xml.rels
2025-05-17 14:22:24,496 (HH:mm:ss.SSS) [main] DEBUG org.apache.poi.openxml4j.opc.PackageRelationshipCollection(36) - Parsing relationship: /_rels/.rels
2025-05-17 14:22:24,519 (HH:mm:ss.SSS) [main] DEBUG org.apache.poi.openxml4j.opc.PackageRelationshipCollection(36) - Parsing relationship: /xl/_rels/workbook.xml.rels
2025-05-17 14:22:24,520 (HH:mm:ss.SSS) [main] DEBUG org.apache.poi.openxml4j.opc.PackageRelationshipCollection(36) - Parsing relationship: /xl/worksheets/_rels/sheet1.xml.rels
2025-05-17 14:22:24,521 (HH:mm:ss.SSS) [main] DEBUG org.apache.poi.openxml4j.opc.PackageRelationshipCollection(36) - Parsing relationship: /_rels/.rels
2025-05-17 14:22:24,560 (HH:mm:ss.SSS) [main] INFO  testCases.TC003_LoginDDT(36) - ***** Starting TC003_LoginDDT*****
2025-05-17 14:22:26,856 (HH:mm:ss.SSS) [main] INFO  testCases.TC003_LoginDDT(36) - ***** Finished TC003_LoginDDT*****
2025-05-17 14:22:26,863 (HH:mm:ss.SSS) [main] INFO  testCases.TC003_LoginDDT(36) - ***** Starting TC003_LoginDDT*****
2025-05-17 14:22:33,689 (HH:mm:ss.SSS) [main] INFO  testCases.TC003_LoginDDT(36) - ***** Finished TC003_LoginDDT*****
2025-05-17 14:22:33,705 (HH:mm:ss.SSS) [main] INFO  testCases.TC003_LoginDDT(36) - ***** Starting TC003_LoginDDT*****
2025-05-17 14:22:41,796 (HH:mm:ss.SSS) [main] INFO  testCases.TC003_LoginDDT(36) - ***** Finished TC003_LoginDDT*****
2025-05-17 14:22:41,811 (HH:mm:ss.SSS) [main] INFO  testCases.TC003_LoginDDT(36) - ***** Starting TC003_LoginDDT*****
2025-05-17 14:22:49,065 (HH:mm:ss.SSS) [main] INFO  testCases.TC003_LoginDDT(36) - ***** Finished TC003_LoginDDT*****
2025-05-17 14:22:52,597 (HH:mm:ss.SSS) [main] INFO  testCases.TC001_AccountResistrationTest(36) - ***** Starting TC001_AccountResistrationTest *****
2025-05-17 14:22:52,739 (HH:mm:ss.SSS) [main] INFO  testCases.TC001_AccountResistrationTest(36) - ***** Clicked on My Account link *****
2025-05-17 14:22:53,389 (HH:mm:ss.SSS) [main] INFO  testCases.TC001_AccountResistrationTest(36) - ***** Clicked on Resister link *****
2025-05-17 14:22:53,398 (HH:mm:ss.SSS) [main] INFO  testCases.TC001_AccountResistrationTest(36) - ***** Providing Customer details *****
2025-05-17 14:22:55,590 (HH:mm:ss.SSS) [main] INFO  testCases.TC001_AccountResistrationTest(36) - ***** Validating Expected Result *****
2025-05-17 14:22:55,653 (HH:mm:ss.SSS) [main] INFO  testCases.TC001_AccountResistrationTest(36) - ***** Finished TC001_AccountResistrationTest *****
2025-05-17 14:22:58,207 (HH:mm:ss.SSS) [main] INFO  testCases.TC002_AccountLoginTest(36) - ***** Starting TC002_AccountLoginTest *****
2025-05-17 14:22:58,528 (HH:mm:ss.SSS) [main] INFO  testCases.TC002_AccountLoginTest(36) - ***** Clicked My Account *****
2025-05-17 14:22:58,968 (HH:mm:ss.SSS) [main] INFO  testCases.TC002_AccountLoginTest(36) - ***** Clicked on Login *****
2025-05-17 14:22:58,968 (HH:mm:ss.SSS) [main] INFO  testCases.TC002_AccountLoginTest(36) - ***** Providing Login details *****
2025-05-17 14:23:00,287 (HH:mm:ss.SSS) [main] INFO  testCases.TC002_AccountLoginTest(36) - ***** Completed TC002_AccountLoginTest *****
2025-05-17 14:34:20,082 (HH:mm:ss.SSS) [main] DEBUG org.testng.TestNG(36) - suiteXmlPath: "C:\Users\dines\eclipse-workspace\Opencart\Grouping.xml"
2025-05-17 14:34:20,385 (HH:mm:ss.SSS) [main] INFO  org.testng.internal.Utils(36) - [TestNG] Running:
  C:\Users\dines\eclipse-workspace\Opencart\Grouping.xml

2025-05-17 14:34:24,137 (HH:mm:ss.SSS) [main] DEBUG org.apache.poi.openxml4j.opc.PackageRelationshipCollection(36) - Parsing relationship: /xl/_rels/workbook.xml.rels
2025-05-17 14:34:24,142 (HH:mm:ss.SSS) [main] DEBUG org.apache.poi.openxml4j.opc.PackageRelationshipCollection(36) - Parsing relationship: /xl/worksheets/_rels/sheet1.xml.rels
2025-05-17 14:34:24,143 (HH:mm:ss.SSS) [main] DEBUG org.apache.poi.openxml4j.opc.PackageRelationshipCollection(36) - Parsing relationship: /_rels/.rels
2025-05-17 14:34:24,681 (HH:mm:ss.SSS) [main] DEBUG org.apache.poi.openxml4j.opc.PackageRelationshipCollection(36) - Parsing relationship: /xl/_rels/workbook.xml.rels
2025-05-17 14:34:24,683 (HH:mm:ss.SSS) [main] DEBUG org.apache.poi.openxml4j.opc.PackageRelationshipCollection(36) - Parsing relationship: /xl/worksheets/_rels/sheet1.xml.rels
2025-05-17 14:34:24,684 (HH:mm:ss.SSS) [main] DEBUG org.apache.poi.openxml4j.opc.PackageRelationshipCollection(36) - Parsing relationship: /_rels/.rels
2025-05-17 14:34:24,713 (HH:mm:ss.SSS) [main] DEBUG org.apache.poi.openxml4j.opc.PackageRelationshipCollection(36) - Parsing relationship: /xl/_rels/workbook.xml.rels
2025-05-17 14:34:24,715 (HH:mm:ss.SSS) [main] DEBUG org.apache.poi.openxml4j.opc.PackageRelationshipCollection(36) - Parsing relationship: /xl/worksheets/_rels/sheet1.xml.rels
2025-05-17 14:34:24,716 (HH:mm:ss.SSS) [main] DEBUG org.apache.poi.openxml4j.opc.PackageRelationshipCollection(36) - Parsing relationship: /_rels/.rels
2025-05-17 14:34:24,751 (HH:mm:ss.SSS) [main] DEBUG org.apache.poi.openxml4j.opc.PackageRelationshipCollection(36) - Parsing relationship: /xl/_rels/workbook.xml.rels
2025-05-17 14:34:24,752 (HH:mm:ss.SSS) [main] DEBUG org.apache.poi.openxml4j.opc.PackageRelationshipCollection(36) - Parsing relationship: /xl/worksheets/_rels/sheet1.xml.rels
2025-05-17 14:34:24,753 (HH:mm:ss.SSS) [main] DEBUG org.apache.poi.openxml4j.opc.PackageRelationshipCollection(36) - Parsing relationship: /_rels/.rels
2025-05-17 14:34:24,775 (HH:mm:ss.SSS) [main] DEBUG org.apache.poi.openxml4j.opc.PackageRelationshipCollection(36) - Parsing relationship: /xl/_rels/workbook.xml.rels
2025-05-17 14:34:24,777 (HH:mm:ss.SSS) [main] DEBUG org.apache.poi.openxml4j.opc.PackageRelationshipCollection(36) - Parsing relationship: /xl/worksheets/_rels/sheet1.xml.rels
2025-05-17 14:34:24,778 (HH:mm:ss.SSS) [main] DEBUG org.apache.poi.openxml4j.opc.PackageRelationshipCollection(36) - Parsing relationship: /_rels/.rels
2025-05-17 14:34:24,799 (HH:mm:ss.SSS) [main] DEBUG org.apache.poi.openxml4j.opc.PackageRelationshipCollection(36) - Parsing relationship: /xl/_rels/workbook.xml.rels
2025-05-17 14:34:24,800 (HH:mm:ss.SSS) [main] DEBUG org.apache.poi.openxml4j.opc.PackageRelationshipCollection(36) - Parsing relationship: /xl/worksheets/_rels/sheet1.xml.rels
2025-05-17 14:34:24,801 (HH:mm:ss.SSS) [main] DEBUG org.apache.poi.openxml4j.opc.PackageRelationshipCollection(36) - Parsing relationship: /_rels/.rels
2025-05-17 14:34:24,827 (HH:mm:ss.SSS) [main] DEBUG org.apache.poi.openxml4j.opc.PackageRelationshipCollection(36) - Parsing relationship: /xl/_rels/workbook.xml.rels
2025-05-17 14:34:24,829 (HH:mm:ss.SSS) [main] DEBUG org.apache.poi.openxml4j.opc.PackageRelationshipCollection(36) - Parsing relationship: /xl/worksheets/_rels/sheet1.xml.rels
2025-05-17 14:34:24,831 (HH:mm:ss.SSS) [main] DEBUG org.apache.poi.openxml4j.opc.PackageRelationshipCollection(36) - Parsing relationship: /_rels/.rels
2025-05-17 14:34:24,854 (HH:mm:ss.SSS) [main] DEBUG org.apache.poi.openxml4j.opc.PackageRelationshipCollection(36) - Parsing relationship: /xl/_rels/workbook.xml.rels
2025-05-17 14:34:24,856 (HH:mm:ss.SSS) [main] DEBUG org.apache.poi.openxml4j.opc.PackageRelationshipCollection(36) - Parsing relationship: /xl/worksheets/_rels/sheet1.xml.rels
2025-05-17 14:34:24,857 (HH:mm:ss.SSS) [main] DEBUG org.apache.poi.openxml4j.opc.PackageRelationshipCollection(36) - Parsing relationship: /_rels/.rels
2025-05-17 14:34:24,878 (HH:mm:ss.SSS) [main] DEBUG org.apache.poi.openxml4j.opc.PackageRelationshipCollection(36) - Parsing relationship: /xl/_rels/workbook.xml.rels
2025-05-17 14:34:24,879 (HH:mm:ss.SSS) [main] DEBUG org.apache.poi.openxml4j.opc.PackageRelationshipCollection(36) - Parsing relationship: /xl/worksheets/_rels/sheet1.xml.rels
2025-05-17 14:34:24,880 (HH:mm:ss.SSS) [main] DEBUG org.apache.poi.openxml4j.opc.PackageRelationshipCollection(36) - Parsing relationship: /_rels/.rels
2025-05-17 14:34:24,906 (HH:mm:ss.SSS) [main] DEBUG org.apache.poi.openxml4j.opc.PackageRelationshipCollection(36) - Parsing relationship: /xl/_rels/workbook.xml.rels
2025-05-17 14:34:24,907 (HH:mm:ss.SSS) [main] DEBUG org.apache.poi.openxml4j.opc.PackageRelationshipCollection(36) - Parsing relationship: /xl/worksheets/_rels/sheet1.xml.rels
2025-05-17 14:34:24,908 (HH:mm:ss.SSS) [main] DEBUG org.apache.poi.openxml4j.opc.PackageRelationshipCollection(36) - Parsing relationship: /_rels/.rels
2025-05-17 14:34:24,930 (HH:mm:ss.SSS) [main] DEBUG org.apache.poi.openxml4j.opc.PackageRelationshipCollection(36) - Parsing relationship: /xl/_rels/workbook.xml.rels
2025-05-17 14:34:24,932 (HH:mm:ss.SSS) [main] DEBUG org.apache.poi.openxml4j.opc.PackageRelationshipCollection(36) - Parsing relationship: /xl/worksheets/_rels/sheet1.xml.rels
2025-05-17 14:34:24,933 (HH:mm:ss.SSS) [main] DEBUG org.apache.poi.openxml4j.opc.PackageRelationshipCollection(36) - Parsing relationship: /_rels/.rels
2025-05-17 14:34:24,953 (HH:mm:ss.SSS) [main] DEBUG org.apache.poi.openxml4j.opc.PackageRelationshipCollection(36) - Parsing relationship: /xl/_rels/workbook.xml.rels
2025-05-17 14:34:24,954 (HH:mm:ss.SSS) [main] DEBUG org.apache.poi.openxml4j.opc.PackageRelationshipCollection(36) - Parsing relationship: /xl/worksheets/_rels/sheet1.xml.rels
2025-05-17 14:34:24,955 (HH:mm:ss.SSS) [main] DEBUG org.apache.poi.openxml4j.opc.PackageRelationshipCollection(36) - Parsing relationship: /_rels/.rels
2025-05-17 14:34:24,982 (HH:mm:ss.SSS) [main] DEBUG org.apache.poi.openxml4j.opc.PackageRelationshipCollection(36) - Parsing relationship: /xl/_rels/workbook.xml.rels
2025-05-17 14:34:24,983 (HH:mm:ss.SSS) [main] DEBUG org.apache.poi.openxml4j.opc.PackageRelationshipCollection(36) - Parsing relationship: /xl/worksheets/_rels/sheet1.xml.rels
2025-05-17 14:34:24,984 (HH:mm:ss.SSS) [main] DEBUG org.apache.poi.openxml4j.opc.PackageRelationshipCollection(36) - Parsing relationship: /_rels/.rels
2025-05-17 14:34:25,003 (HH:mm:ss.SSS) [main] DEBUG org.apache.poi.openxml4j.opc.PackageRelationshipCollection(36) - Parsing relationship: /xl/_rels/workbook.xml.rels
2025-05-17 14:34:25,004 (HH:mm:ss.SSS) [main] DEBUG org.apache.poi.openxml4j.opc.PackageRelationshipCollection(36) - Parsing relationship: /xl/worksheets/_rels/sheet1.xml.rels
2025-05-17 14:34:25,005 (HH:mm:ss.SSS) [main] DEBUG org.apache.poi.openxml4j.opc.PackageRelationshipCollection(36) - Parsing relationship: /_rels/.rels
2025-05-17 14:34:25,051 (HH:mm:ss.SSS) [main] INFO  testCases.TC003_LoginDDT(36) - ***** Starting TC003_LoginDDT*****
2025-05-17 14:34:28,013 (HH:mm:ss.SSS) [main] INFO  testCases.TC003_LoginDDT(36) - ***** Finished TC003_LoginDDT*****
2025-05-17 14:34:28,051 (HH:mm:ss.SSS) [main] INFO  testCases.TC003_LoginDDT(36) - ***** Starting TC003_LoginDDT*****
2025-05-17 14:34:34,980 (HH:mm:ss.SSS) [main] INFO  testCases.TC003_LoginDDT(36) - ***** Finished TC003_LoginDDT*****
2025-05-17 14:34:34,983 (HH:mm:ss.SSS) [main] INFO  testCases.TC003_LoginDDT(36) - ***** Starting TC003_LoginDDT*****
2025-05-17 14:34:41,893 (HH:mm:ss.SSS) [main] INFO  testCases.TC003_LoginDDT(36) - ***** Finished TC003_LoginDDT*****
2025-05-17 14:34:41,921 (HH:mm:ss.SSS) [main] INFO  testCases.TC003_LoginDDT(36) - ***** Starting TC003_LoginDDT*****
2025-05-17 14:34:48,467 (HH:mm:ss.SSS) [main] INFO  testCases.TC003_LoginDDT(36) - ***** Finished TC003_LoginDDT*****
2025-05-17 14:34:51,594 (HH:mm:ss.SSS) [main] INFO  testCases.TC001_AccountResistrationTest(36) - ***** Starting TC001_AccountResistrationTest *****
2025-05-17 14:34:51,850 (HH:mm:ss.SSS) [main] INFO  testCases.TC001_AccountResistrationTest(36) - ***** Clicked on My Account link *****
2025-05-17 14:34:52,494 (HH:mm:ss.SSS) [main] INFO  testCases.TC001_AccountResistrationTest(36) - ***** Clicked on Resister link *****
2025-05-17 14:34:52,501 (HH:mm:ss.SSS) [main] INFO  testCases.TC001_AccountResistrationTest(36) - ***** Providing Customer details *****
2025-05-17 14:34:54,413 (HH:mm:ss.SSS) [main] INFO  testCases.TC001_AccountResistrationTest(36) - ***** Validating Expected Result *****
2025-05-17 14:34:54,450 (HH:mm:ss.SSS) [main] INFO  testCases.TC001_AccountResistrationTest(36) - ***** Finished TC001_AccountResistrationTest *****
2025-05-17 14:35:10,307 (HH:mm:ss.SSS) [main] INFO  testCases.TC002_AccountLoginTest(36) - ***** Starting TC002_AccountLoginTest *****
2025-05-17 14:35:10,542 (HH:mm:ss.SSS) [main] INFO  testCases.TC002_AccountLoginTest(36) - ***** Clicked My Account *****
2025-05-17 14:35:11,039 (HH:mm:ss.SSS) [main] INFO  testCases.TC002_AccountLoginTest(36) - ***** Clicked on Login *****
2025-05-17 14:35:11,039 (HH:mm:ss.SSS) [main] INFO  testCases.TC002_AccountLoginTest(36) - ***** Providing Login details *****
2025-05-17 14:35:12,283 (HH:mm:ss.SSS) [main] INFO  testCases.TC002_AccountLoginTest(36) - ***** Completed TC002_AccountLoginTest *****
2025-05-17 14:43:14,968 (HH:mm:ss.SSS) [main] DEBUG org.testng.TestNG(36) - suiteXmlPath: "C:\Users\dines\eclipse-workspace\Opencart\Grouping.xml"
2025-05-17 14:43:15,251 (HH:mm:ss.SSS) [main] INFO  org.testng.internal.Utils(36) - [TestNG] Running:
  C:\Users\dines\eclipse-workspace\Opencart\Grouping.xml

2025-05-17 14:43:18,484 (HH:mm:ss.SSS) [main] INFO  testCases.TC001_AccountResistrationTest(36) - ***** Starting TC001_AccountResistrationTest *****
2025-05-17 14:43:18,799 (HH:mm:ss.SSS) [main] INFO  testCases.TC001_AccountResistrationTest(36) - ***** Clicked on My Account link *****
2025-05-17 14:43:19,476 (HH:mm:ss.SSS) [main] INFO  testCases.TC001_AccountResistrationTest(36) - ***** Clicked on Resister link *****
2025-05-17 14:43:19,478 (HH:mm:ss.SSS) [main] INFO  testCases.TC001_AccountResistrationTest(36) - ***** Providing Customer details *****
2025-05-17 14:43:20,260 (HH:mm:ss.SSS) [main] INFO  testCases.TC001_AccountResistrationTest(36) - ***** Validating Expected Result *****
2025-05-17 14:43:21,229 (HH:mm:ss.SSS) [main] INFO  testCases.TC001_AccountResistrationTest(36) - ***** Finished TC001_AccountResistrationTest *****
2025-05-17 14:43:23,755 (HH:mm:ss.SSS) [main] INFO  testCases.TC002_AccountLoginTest(36) - ***** Starting TC002_AccountLoginTest *****
2025-05-17 14:43:23,904 (HH:mm:ss.SSS) [main] INFO  testCases.TC002_AccountLoginTest(36) - ***** Clicked My Account *****
2025-05-17 14:43:24,289 (HH:mm:ss.SSS) [main] INFO  testCases.TC002_AccountLoginTest(36) - ***** Clicked on Login *****
2025-05-17 14:43:24,292 (HH:mm:ss.SSS) [main] INFO  testCases.TC002_AccountLoginTest(36) - ***** Providing Login details *****
2025-05-17 14:43:25,589 (HH:mm:ss.SSS) [main] INFO  testCases.TC002_AccountLoginTest(36) - ***** Completed TC002_AccountLoginTest *****
2025-05-17 14:46:46,084 (HH:mm:ss.SSS) [main] DEBUG org.testng.TestNG(36) - suiteXmlPath: "C:\Users\dines\eclipse-workspace\Opencart\Grouping.xml"
2025-05-17 14:46:46,383 (HH:mm:ss.SSS) [main] INFO  org.testng.internal.Utils(36) - [TestNG] Running:
  C:\Users\dines\eclipse-workspace\Opencart\Grouping.xml

2025-05-17 14:46:53,157 (HH:mm:ss.SSS) [main] INFO  testCases.TC001_AccountResistrationTest(36) - ***** Starting TC001_AccountResistrationTest *****
2025-05-17 14:46:53,433 (HH:mm:ss.SSS) [main] INFO  testCases.TC001_AccountResistrationTest(36) - ***** Clicked on My Account link *****
2025-05-17 14:46:54,073 (HH:mm:ss.SSS) [main] INFO  testCases.TC001_AccountResistrationTest(36) - ***** Clicked on Resister link *****
2025-05-17 14:46:54,075 (HH:mm:ss.SSS) [main] INFO  testCases.TC001_AccountResistrationTest(36) - ***** Providing Customer details *****
2025-05-17 14:46:54,965 (HH:mm:ss.SSS) [main] INFO  testCases.TC001_AccountResistrationTest(36) - ***** Validating Expected Result *****
2025-05-17 14:46:56,122 (HH:mm:ss.SSS) [main] INFO  testCases.TC001_AccountResistrationTest(36) - ***** Finished TC001_AccountResistrationTest *****
2025-05-17 14:46:58,928 (HH:mm:ss.SSS) [main] INFO  testCases.TC002_AccountLoginTest(36) - ***** Starting TC002_AccountLoginTest *****
2025-05-17 14:46:59,269 (HH:mm:ss.SSS) [main] INFO  testCases.TC002_AccountLoginTest(36) - ***** Clicked My Account *****
2025-05-17 14:46:59,707 (HH:mm:ss.SSS) [main] INFO  testCases.TC002_AccountLoginTest(36) - ***** Clicked on Login *****
2025-05-17 14:46:59,709 (HH:mm:ss.SSS) [main] INFO  testCases.TC002_AccountLoginTest(36) - ***** Providing Login details *****
2025-05-17 14:57:53,147 (HH:mm:ss.SSS) [main] DEBUG org.testng.TestNG(36) - suiteXmlPath: "C:\Users\dines\eclipse-workspace\Opencart\test-output\testng-failed.xml"
2025-05-17 14:57:53,417 (HH:mm:ss.SSS) [main] INFO  org.testng.internal.Utils(36) - [TestNG] Running:
  C:\Users\dines\eclipse-workspace\Opencart\test-output\testng-failed.xml

2025-05-17 14:57:57,039 (HH:mm:ss.SSS) [main] INFO  testCases.TC002_AccountLoginTest(36) - ***** Starting TC002_AccountLoginTest *****
2025-05-17 14:57:57,224 (HH:mm:ss.SSS) [main] INFO  testCases.TC002_AccountLoginTest(36) - ***** Clicked My Account *****
2025-05-17 14:57:57,616 (HH:mm:ss.SSS) [main] INFO  testCases.TC002_AccountLoginTest(36) - ***** Clicked on Login *****
2025-05-17 14:57:57,618 (HH:mm:ss.SSS) [main] INFO  testCases.TC002_AccountLoginTest(36) - ***** Providing Login details *****
2025-05-17 14:57:58,913 (HH:mm:ss.SSS) [main] INFO  testCases.TC002_AccountLoginTest(36) - ***** Completed TC002_AccountLoginTest *****
2025-05-17 15:03:37,307 (HH:mm:ss.SSS) [main] DEBUG org.testng.TestNG(36) - suiteXmlPath: "C:\Users\dines\eclipse-workspace\Opencart\Grouping.xml"
2025-05-17 15:03:37,578 (HH:mm:ss.SSS) [main] INFO  org.testng.internal.Utils(36) - [TestNG] Running:
  C:\Users\dines\eclipse-workspace\Opencart\Grouping.xml

2025-05-17 15:03:40,737 (HH:mm:ss.SSS) [main] INFO  testCases.TC001_AccountResistrationTest(36) - ***** Starting TC001_AccountResistrationTest *****
2025-05-17 15:03:41,015 (HH:mm:ss.SSS) [main] INFO  testCases.TC001_AccountResistrationTest(36) - ***** Clicked on My Account link *****
2025-05-17 15:03:41,885 (HH:mm:ss.SSS) [main] INFO  testCases.TC001_AccountResistrationTest(36) - ***** Clicked on Resister link *****
2025-05-17 15:03:41,887 (HH:mm:ss.SSS) [main] INFO  testCases.TC001_AccountResistrationTest(36) - ***** Providing Customer details *****
2025-05-17 15:03:42,704 (HH:mm:ss.SSS) [main] INFO  testCases.TC001_AccountResistrationTest(36) - ***** Validating Expected Result *****
2025-05-17 15:03:43,760 (HH:mm:ss.SSS) [main] ERROR testCases.TC001_AccountResistrationTest(36) - ***** Test Failed *****
2025-05-17 15:03:43,760 (HH:mm:ss.SSS) [main] DEBUG testCases.TC001_AccountResistrationTest(36) - ***** Debug Logs *****
2025-05-17 15:03:46,464 (HH:mm:ss.SSS) [main] INFO  testCases.TC002_AccountLoginTest(36) - ***** Starting TC002_AccountLoginTest *****
2025-05-17 15:03:46,693 (HH:mm:ss.SSS) [main] INFO  testCases.TC002_AccountLoginTest(36) - ***** Clicked My Account *****
2025-05-17 15:03:47,201 (HH:mm:ss.SSS) [main] INFO  testCases.TC002_AccountLoginTest(36) - ***** Clicked on Login *****
2025-05-17 15:03:47,204 (HH:mm:ss.SSS) [main] INFO  testCases.TC002_AccountLoginTest(36) - ***** Providing Login details *****
2025-05-17 15:03:48,380 (HH:mm:ss.SSS) [main] INFO  testCases.TC002_AccountLoginTest(36) - ***** Completed TC002_AccountLoginTest *****
2025-05-17 15:05:05,416 (HH:mm:ss.SSS) [main] DEBUG org.testng.TestNG(36) - suiteXmlPath: "C:\Users\dines\eclipse-workspace\Opencart\test-output\testng-failed.xml"
2025-05-17 15:05:05,702 (HH:mm:ss.SSS) [main] INFO  org.testng.internal.Utils(36) - [TestNG] Running:
  C:\Users\dines\eclipse-workspace\Opencart\test-output\testng-failed.xml

2025-05-17 15:05:08,991 (HH:mm:ss.SSS) [main] INFO  testCases.TC001_AccountResistrationTest(36) - ***** Starting TC001_AccountResistrationTest *****
2025-05-17 15:05:09,180 (HH:mm:ss.SSS) [main] INFO  testCases.TC001_AccountResistrationTest(36) - ***** Clicked on My Account link *****
2025-05-17 15:05:09,905 (HH:mm:ss.SSS) [main] INFO  testCases.TC001_AccountResistrationTest(36) - ***** Clicked on Resister link *****
2025-05-17 15:05:09,907 (HH:mm:ss.SSS) [main] INFO  testCases.TC001_AccountResistrationTest(36) - ***** Providing Customer details *****
2025-05-17 15:05:11,729 (HH:mm:ss.SSS) [main] INFO  testCases.TC001_AccountResistrationTest(36) - ***** Validating Expected Result *****
2025-05-17 15:05:11,773 (HH:mm:ss.SSS) [main] INFO  testCases.TC001_AccountResistrationTest(36) - ***** Finished TC001_AccountResistrationTest *****
2025-05-17 19:29:54,860 (HH:mm:ss.SSS) [main] DEBUG org.testng.TestNG(36) - suiteXmlPath: "C:\Users\dines\eclipse-workspace\Opencart\Grouping.xml"
2025-05-17 19:29:55,167 (HH:mm:ss.SSS) [main] INFO  org.testng.internal.Utils(36) - [TestNG] Running:
  C:\Users\dines\eclipse-workspace\Opencart\Grouping.xml

2025-05-17 19:30:01,390 (HH:mm:ss.SSS) [main] INFO  testCases.TC001_AccountResistrationTest(36) - ***** Starting TC001_AccountResistrationTest *****
2025-05-17 19:30:01,816 (HH:mm:ss.SSS) [main] INFO  testCases.TC001_AccountResistrationTest(36) - ***** Clicked on My Account link *****
2025-05-17 19:30:02,455 (HH:mm:ss.SSS) [main] INFO  testCases.TC001_AccountResistrationTest(36) - ***** Clicked on Resister link *****
2025-05-17 19:30:02,459 (HH:mm:ss.SSS) [main] INFO  testCases.TC001_AccountResistrationTest(36) - ***** Providing Customer details *****
2025-05-17 19:30:16,915 (HH:mm:ss.SSS) [main] INFO  testCases.TC001_AccountResistrationTest(36) - ***** Validating Expected Result *****
2025-05-17 19:30:17,006 (HH:mm:ss.SSS) [main] INFO  testCases.TC001_AccountResistrationTest(36) - ***** Finished TC001_AccountResistrationTest *****
2025-05-17 19:30:20,337 (HH:mm:ss.SSS) [main] INFO  testCases.TC002_AccountLoginTest(36) - ***** Starting TC002_AccountLoginTest *****
2025-05-17 19:30:20,930 (HH:mm:ss.SSS) [main] INFO  testCases.TC002_AccountLoginTest(36) - ***** Clicked My Account *****
2025-05-17 19:30:21,514 (HH:mm:ss.SSS) [main] INFO  testCases.TC002_AccountLoginTest(36) - ***** Clicked on Login *****
2025-05-17 19:30:21,518 (HH:mm:ss.SSS) [main] INFO  testCases.TC002_AccountLoginTest(36) - ***** Providing Login details *****
2025-05-17 19:30:23,556 (HH:mm:ss.SSS) [main] INFO  testCases.TC002_AccountLoginTest(36) - ***** Completed TC002_AccountLoginTest *****
2025-05-17 19:30:58,078 (HH:mm:ss.SSS) [main] DEBUG org.testng.TestNG(36) - suiteXmlPath: "C:\Users\dines\eclipse-workspace\Opencart\Grouping.xml"
2025-05-17 19:30:58,372 (HH:mm:ss.SSS) [main] INFO  org.testng.internal.Utils(36) - [TestNG] Running:
  C:\Users\dines\eclipse-workspace\Opencart\Grouping.xml

2025-05-17 19:37:08,565 (HH:mm:ss.SSS) [main] DEBUG org.testng.TestNG(36) - suiteXmlPath: "C:\Users\dines\eclipse-workspace\Opencart\Grouping.xml"
2025-05-17 19:37:08,864 (HH:mm:ss.SSS) [main] INFO  org.testng.internal.Utils(36) - [TestNG] Running:
  C:\Users\dines\eclipse-workspace\Opencart\Grouping.xml

2025-05-18 13:04:05,015 (HH:mm:ss.SSS) [main] DEBUG org.testng.TestNG(36) - suiteXmlPath: "C:\Users\dines\eclipse-workspace\Opencart\Grouping.xml"
2025-05-18 13:04:05,393 (HH:mm:ss.SSS) [main] INFO  org.testng.internal.Utils(36) - [TestNG] Running:
  C:\Users\dines\eclipse-workspace\Opencart\Grouping.xml

2025-05-18 13:06:44,273 (HH:mm:ss.SSS) [main] DEBUG org.testng.TestNG(36) - suiteXmlPath: "C:\Users\dines\eclipse-workspace\Opencart\Grouping.xml"
2025-05-18 13:06:44,598 (HH:mm:ss.SSS) [main] INFO  org.testng.internal.Utils(36) - [TestNG] Running:
  C:\Users\dines\eclipse-workspace\Opencart\Grouping.xml

2025-05-18 13:28:12,861 (HH:mm:ss.SSS) [main] DEBUG org.testng.TestNG(36) - suiteXmlPath: "C:\Users\dines\eclipse-workspace\Opencart\Grouping.xml"
2025-05-18 13:28:13,225 (HH:mm:ss.SSS) [main] INFO  org.testng.internal.Utils(36) - [TestNG] Running:
  C:\Users\dines\eclipse-workspace\Opencart\Grouping.xml

2025-05-18 13:29:14,011 (HH:mm:ss.SSS) [main] INFO  testCases.TC001_AccountResistrationTest(36) - ***** Starting TC001_AccountResistrationTest *****
2025-05-18 13:29:14,257 (HH:mm:ss.SSS) [main] INFO  testCases.TC001_AccountResistrationTest(36) - ***** Clicked on My Account link *****
2025-05-18 13:29:15,975 (HH:mm:ss.SSS) [main] INFO  testCases.TC001_AccountResistrationTest(36) - ***** Clicked on Resister link *****
2025-05-18 13:29:15,975 (HH:mm:ss.SSS) [main] INFO  testCases.TC001_AccountResistrationTest(36) - ***** Providing Customer details *****
2025-05-18 13:29:19,066 (HH:mm:ss.SSS) [main] INFO  testCases.TC001_AccountResistrationTest(36) - ***** Validating Expected Result *****
2025-05-18 13:29:19,175 (HH:mm:ss.SSS) [main] INFO  testCases.TC001_AccountResistrationTest(36) - ***** Finished TC001_AccountResistrationTest *****
2025-05-18 13:29:22,575 (HH:mm:ss.SSS) [main] INFO  testCases.TC002_AccountLoginTest(36) - ***** Starting TC002_AccountLoginTest *****
2025-05-18 13:29:22,744 (HH:mm:ss.SSS) [main] INFO  testCases.TC002_AccountLoginTest(36) - ***** Clicked My Account *****
2025-05-18 13:29:23,217 (HH:mm:ss.SSS) [main] INFO  testCases.TC002_AccountLoginTest(36) - ***** Clicked on Login *****
2025-05-18 13:29:23,219 (HH:mm:ss.SSS) [main] INFO  testCases.TC002_AccountLoginTest(36) - ***** Providing Login details *****
2025-05-18 13:29:24,862 (HH:mm:ss.SSS) [main] INFO  testCases.TC002_AccountLoginTest(36) - ***** Completed TC002_AccountLoginTest *****
2025-05-18 13:30:44,966 (HH:mm:ss.SSS) [main] DEBUG org.testng.TestNG(36) - suiteXmlPath: "C:\Users\dines\eclipse-workspace\Opencart\Grouping.xml"
2025-05-18 13:30:45,288 (HH:mm:ss.SSS) [main] INFO  org.testng.internal.Utils(36) - [TestNG] Running:
  C:\Users\dines\eclipse-workspace\Opencart\Grouping.xml

2025-05-18 13:30:49,404 (HH:mm:ss.SSS) [main] INFO  testCases.TC001_AccountResistrationTest(36) - ***** Starting TC001_AccountResistrationTest *****
2025-05-18 13:30:49,672 (HH:mm:ss.SSS) [main] INFO  testCases.TC001_AccountResistrationTest(36) - ***** Clicked on My Account link *****
2025-05-18 13:30:50,245 (HH:mm:ss.SSS) [main] INFO  testCases.TC001_AccountResistrationTest(36) - ***** Clicked on Resister link *****
2025-05-18 13:30:50,250 (HH:mm:ss.SSS) [main] INFO  testCases.TC001_AccountResistrationTest(36) - ***** Providing Customer details *****
2025-05-18 13:30:51,315 (HH:mm:ss.SSS) [main] INFO  testCases.TC001_AccountResistrationTest(36) - ***** Validating Expected Result *****
2025-05-18 13:30:52,641 (HH:mm:ss.SSS) [main] INFO  testCases.TC001_AccountResistrationTest(36) - ***** Finished TC001_AccountResistrationTest *****
2025-05-18 13:30:55,976 (HH:mm:ss.SSS) [main] INFO  testCases.TC002_AccountLoginTest(36) - ***** Starting TC002_AccountLoginTest *****
2025-05-18 13:30:56,176 (HH:mm:ss.SSS) [main] INFO  testCases.TC002_AccountLoginTest(36) - ***** Clicked My Account *****
2025-05-18 13:30:56,743 (HH:mm:ss.SSS) [main] INFO  testCases.TC002_AccountLoginTest(36) - ***** Clicked on Login *****
2025-05-18 13:30:56,743 (HH:mm:ss.SSS) [main] INFO  testCases.TC002_AccountLoginTest(36) - ***** Providing Login details *****
2025-05-18 13:30:58,454 (HH:mm:ss.SSS) [main] INFO  testCases.TC002_AccountLoginTest(36) - ***** Completed TC002_AccountLoginTest *****
2025-05-18 13:32:13,952 (HH:mm:ss.SSS) [main] DEBUG org.testng.TestNG(36) - suiteXmlPath: "C:\Users\dines\eclipse-workspace\Opencart\Grouping.xml"
2025-05-18 13:32:14,211 (HH:mm:ss.SSS) [main] INFO  org.testng.internal.Utils(36) - [TestNG] Running:
  C:\Users\dines\eclipse-workspace\Opencart\Grouping.xml

2025-05-18 13:32:17,442 (HH:mm:ss.SSS) [main] INFO  testCases.TC001_AccountResistrationTest(36) - ***** Starting TC001_AccountResistrationTest *****
2025-05-18 13:32:17,689 (HH:mm:ss.SSS) [main] INFO  testCases.TC001_AccountResistrationTest(36) - ***** Clicked on My Account link *****
2025-05-18 13:32:18,351 (HH:mm:ss.SSS) [main] INFO  testCases.TC001_AccountResistrationTest(36) - ***** Clicked on Resister link *****
2025-05-18 13:32:18,354 (HH:mm:ss.SSS) [main] INFO  testCases.TC001_AccountResistrationTest(36) - ***** Providing Customer details *****
2025-05-18 13:32:20,930 (HH:mm:ss.SSS) [main] INFO  testCases.TC001_AccountResistrationTest(36) - ***** Validating Expected Result *****
2025-05-18 13:32:21,032 (HH:mm:ss.SSS) [main] INFO  testCases.TC001_AccountResistrationTest(36) - ***** Finished TC001_AccountResistrationTest *****
2025-05-18 13:32:25,838 (HH:mm:ss.SSS) [main] INFO  testCases.TC002_AccountLoginTest(36) - ***** Starting TC002_AccountLoginTest *****
2025-05-18 13:32:26,028 (HH:mm:ss.SSS) [main] INFO  testCases.TC002_AccountLoginTest(36) - ***** Clicked My Account *****
2025-05-18 13:32:26,581 (HH:mm:ss.SSS) [main] INFO  testCases.TC002_AccountLoginTest(36) - ***** Clicked on Login *****
2025-05-18 13:32:26,581 (HH:mm:ss.SSS) [main] INFO  testCases.TC002_AccountLoginTest(36) - ***** Providing Login details *****
2025-05-18 13:32:28,353 (HH:mm:ss.SSS) [main] INFO  testCases.TC002_AccountLoginTest(36) - ***** Completed TC002_AccountLoginTest *****
